<?xml version="1.0" encoding="UTF-8"?>
<!-- Generated by org.testng.reporters.JUnitXMLReporter -->
<testsuite ignored="0" hostname="DatoPC" failures="3" tests="5" name="TestSuit1" time="165.653" errors="0" timestamp="2023-02-18T22:04:56 GET">
  <testcase classname="Officemart" name="Search" time="2.277"/>
  <testcase classname="Officemart" name="Test10" time="6.347">
    <failure type="com.codeborne.selenide.ex.InvalidStateException" message="Invalid element state [.fa-search]: element click intercepted: Element &amp;lt;i class=&amp;quot;fas fa-search&amp;quot;&amp;gt;&amp;lt;/i&amp;gt; is not clickable at point (1387, 23). Other element would receive the click: &amp;lt;div class=&amp;quot;modal-overlay&amp;quot; style=&amp;quot;z-index: 1002; display: block; opacity: 0.5;&amp;quot;&amp;gt;&amp;lt;/div&amp;gt;
Screenshot: file:/C:/Users/99559/Desktop/Officemart/build/reports/tests/1676743342478.0.png
Page source: file:/C:/Users/99559/Desktop/Officemart/build/reports/tests/1676743342478.0.html
Timeout: 4 s.
Caused by: ElementClickInterceptedException: element click intercepted: Element &amp;lt;i class=&amp;quot;fas fa-search&amp;quot;&amp;gt;&amp;lt;/i&amp;gt; is not clickable at point (1387, 23). Other element would receive the click: &amp;lt;div class=&amp;quot;modal-overlay&amp;quot; style=&amp;quot;z-index: 1002; display: block; opacity: 0.5;&amp;quot;&amp;gt;&amp;lt;/div&amp;gt;">
      <![CDATA[Invalid element state [.fa-search]: element click intercepted: Element <i class="fas fa-search"></i> is not clickable at point (1387, 23). Other element would receive the click: <div class="modal-overlay" style="z-index: 1002; display: block; opacity: 0.5;"></div>
Screenshot: file:/C:/Users/99559/Desktop/Officemart/build/reports/tests/1676743342478.0.png
Page source: file:/C:/Users/99559/Desktop/Officemart/build/reports/tests/1676743342478.0.html
Timeout: 4 s.
Caused by: ElementClickInterceptedException: element click intercepted: Element <i class="fas fa-search"></i> is not clickable at point (1387, 23). Other element would receive the click: <div class="modal-overlay" style="z-index: 1002; display: block; opacity: 0.5;"></div>
at com.codeborne.selenide.impl.ExceptionWrapper.wrap(ExceptionWrapper.java:26)
at com.codeborne.selenide.impl.SelenideElementProxy.dispatchAndRetry(SelenideElementProxy.java:153)
at com.codeborne.selenide.impl.SelenideElementProxy.invoke(SelenideElementProxy.java:83)
at jdk.proxy2/jdk.proxy2.$Proxy14.click(Unknown Source)
at StepObject.SearchSteps.GotoSearchPage(SearchSteps.java:11)
at Officemart.Test10(Officemart.java:143)
at java.base/java.util.ArrayList.forEach(ArrayList.java:1511)
at java.base/java.util.concurrent.FutureTask.run(FutureTask.java:317)
at java.base/java.util.concurrent.ThreadPoolExecutor.runWorker(ThreadPoolExecutor.java:1144)
at java.base/java.util.concurrent.ThreadPoolExecutor$Worker.run(ThreadPoolExecutor.java:642)
at java.base/java.lang.Thread.run(Thread.java:1589)
Caused by: org.openqa.selenium.ElementClickInterceptedException: element click intercepted: Element <i class="fas fa-search"></i> is not clickable at point (1387, 23). Other element would receive the click: <div class="modal-overlay" style="z-index: 1002; display: block; opacity: 0.5;"></div>
  (Session info: chrome=109.0.5414.122)
Build info: version: '4.8.0', revision: '267030adea'
System info: os.name: 'Windows 11', os.arch: 'amd64', os.version: '10.0', java.version: '19.0.2'
Driver info: org.openqa.selenium.chrome.ChromeDriver
Command: [e5ed24a622d9b93b3ddd4732b5571917, clickElement {id=8a73381c-b2e4-49fd-afaf-95a50a95fdce}]
Capabilities {acceptInsecureCerts: true, browserName: chrome, browserVersion: 109.0.5414.122, chrome: {chromedriverVersion: 109.0.5414.74 (e7c5703604da..., userDataDir: C:\Users\99559\AppData\Loca...}, goog:chromeOptions: {debuggerAddress: localhost:58894}, networkConnectionEnabled: false, pageLoadStrategy: normal, platformName: WINDOWS, proxy: Proxy(), se:cdp: ws://localhost:58894/devtoo..., se:cdpVersion: 109.0.5414.122, setWindowRect: true, strictFileInteractability: false, timeouts: {implicit: 0, pageLoad: 300000, script: 30000}, unhandledPromptBehavior: accept, webauthn:extension:credBlob: true, webauthn:extension:largeBlob: true, webauthn:virtualAuthenticators: true}
Element: [[ChromeDriver: chrome on WINDOWS (e5ed24a622d9b93b3ddd4732b5571917)] -> css selector: .fa-search]
Session ID: e5ed24a622d9b93b3ddd4732b5571917
at org.openqa.selenium.remote.codec.w3c.W3CHttpResponseCodec.createException(W3CHttpResponseCodec.java:200)
at org.openqa.selenium.remote.codec.w3c.W3CHttpResponseCodec.decode(W3CHttpResponseCodec.java:133)
at org.openqa.selenium.remote.codec.w3c.W3CHttpResponseCodec.decode(W3CHttpResponseCodec.java:53)
at org.openqa.selenium.remote.HttpCommandExecutor.execute(HttpCommandExecutor.java:184)
at org.openqa.selenium.remote.service.DriverCommandExecutor.invokeExecute(DriverCommandExecutor.java:167)
at org.openqa.selenium.remote.service.DriverCommandExecutor.execute(DriverCommandExecutor.java:142)
at org.openqa.selenium.remote.RemoteWebDriver.execute(RemoteWebDriver.java:543)
at org.openqa.selenium.remote.RemoteWebElement.execute(RemoteWebElement.java:257)
at org.openqa.selenium.remote.RemoteWebElement.click(RemoteWebElement.java:78)
at com.codeborne.selenide.commands.Click.defaultClick(Click.java:97)
at com.codeborne.selenide.commands.Click.click(Click.java:54)
at com.codeborne.selenide.commands.Click.execute(Click.java:31)
at com.codeborne.selenide.commands.Click.execute(Click.java:21)
at com.codeborne.selenide.commands.Commands.execute(Commands.java:159)
at com.codeborne.selenide.impl.SelenideElementProxy.dispatchAndRetry(SelenideElementProxy.java:131)
... 24 more
... Removed 18 stack frames]]>
    </failure>
  </testcase> <!-- Test10 -->
  <testcase classname="Officemart" name="Test11" time="5.844"/>
  <testcase classname="Officemart" name="Test12" time="81.454">
    <failure type="com.codeborne.selenide.ex.UIAssertionError" message="WebDriverException: disconnected: unable to send message to renderer
Page source: file:/C:/Users/99559/Desktop/Officemart/build/reports/tests/1676743366733.1.html
Timeout: 4 s.
Caused by: WebDriverException: disconnected: unable to send message to renderer">
      <![CDATA[WebDriverException: disconnected: unable to send message to renderer
Page source: file:/C:/Users/99559/Desktop/Officemart/build/reports/tests/1676743366733.1.html
Timeout: 4 s.
Caused by: WebDriverException: disconnected: unable to send message to renderer
at com.codeborne.selenide.ex.UIAssertionError.wrapToUIAssertionError(UIAssertionError.java:125)
at com.codeborne.selenide.ex.UIAssertionError.wrapThrowable(UIAssertionError.java:108)
at com.codeborne.selenide.ex.UIAssertionError.wrap(UIAssertionError.java:102)
at com.codeborne.selenide.impl.SelenideElementProxy.invoke(SelenideElementProxy.java:93)
at jdk.proxy2/jdk.proxy2.$Proxy14.click(Unknown Source)
at StepObject.SearchSteps.Searchform(SearchSteps.java:17)
at Officemart.Test12(Officemart.java:176)
at java.base/java.util.ArrayList.forEach(ArrayList.java:1511)
at java.base/java.util.concurrent.FutureTask.run(FutureTask.java:317)
at java.base/java.util.concurrent.ThreadPoolExecutor.runWorker(ThreadPoolExecutor.java:1144)
at java.base/java.util.concurrent.ThreadPoolExecutor$Worker.run(ThreadPoolExecutor.java:642)
at java.base/java.lang.Thread.run(Thread.java:1589)
Caused by: org.openqa.selenium.WebDriverException: disconnected: unable to send message to renderer
  (failed to check if window was closed: disconnected: unable to connect to renderer)
  (Session info: chrome=109.0.5414.122)
Build info: version: '4.8.0', revision: '267030adea'
System info: os.name: 'Windows 11', os.arch: 'amd64', os.version: '10.0', java.version: '19.0.2'
Driver info: org.openqa.selenium.chrome.ChromeDriver
Command: [e5ed24a622d9b93b3ddd4732b5571917, clickElement {id=c9de487c-cd7f-4669-ae5b-ae092b700524}]
Capabilities {acceptInsecureCerts: true, browserName: chrome, browserVersion: 109.0.5414.122, chrome: {chromedriverVersion: 109.0.5414.74 (e7c5703604da..., userDataDir: C:\Users\99559\AppData\Loca...}, goog:chromeOptions: {debuggerAddress: localhost:58894}, networkConnectionEnabled: false, pageLoadStrategy: normal, platformName: WINDOWS, proxy: Proxy(), se:cdp: ws://localhost:58894/devtoo..., se:cdpVersion: 109.0.5414.122, setWindowRect: true, strictFileInteractability: false, timeouts: {implicit: 0, pageLoad: 300000, script: 30000}, unhandledPromptBehavior: accept, webauthn:extension:credBlob: true, webauthn:extension:largeBlob: true, webauthn:virtualAuthenticators: true}
Element: [[ChromeDriver: chrome on WINDOWS (e5ed24a622d9b93b3ddd4732b5571917)] -> css selector: .form_group]
Session ID: e5ed24a622d9b93b3ddd4732b5571917
at org.openqa.selenium.remote.codec.w3c.W3CHttpResponseCodec.createException(W3CHttpResponseCodec.java:200)
at org.openqa.selenium.remote.codec.w3c.W3CHttpResponseCodec.decode(W3CHttpResponseCodec.java:133)
at org.openqa.selenium.remote.codec.w3c.W3CHttpResponseCodec.decode(W3CHttpResponseCodec.java:53)
at org.openqa.selenium.remote.HttpCommandExecutor.execute(HttpCommandExecutor.java:184)
at org.openqa.selenium.remote.service.DriverCommandExecutor.invokeExecute(DriverCommandExecutor.java:167)
at org.openqa.selenium.remote.service.DriverCommandExecutor.execute(DriverCommandExecutor.java:142)
at org.openqa.selenium.remote.RemoteWebDriver.execute(RemoteWebDriver.java:543)
at org.openqa.selenium.remote.RemoteWebElement.execute(RemoteWebElement.java:257)
at org.openqa.selenium.remote.RemoteWebElement.click(RemoteWebElement.java:78)
at com.codeborne.selenide.commands.Click.defaultClick(Click.java:97)
at com.codeborne.selenide.commands.Click.click(Click.java:54)
at com.codeborne.selenide.commands.Click.execute(Click.java:31)
at com.codeborne.selenide.commands.Click.execute(Click.java:21)
at com.codeborne.selenide.commands.Commands.execute(Commands.java:159)
at com.codeborne.selenide.impl.SelenideElementProxy.dispatchAndRetry(SelenideElementProxy.java:131)
at com.codeborne.selenide.impl.SelenideElementProxy.invoke(SelenideElementProxy.java:83)
... 23 more
... Removed 18 stack frames]]>
    </failure>
  </testcase> <!-- Test12 -->
  <testcase classname="Officemart" name="Test12" time="113.825">
    <failure type="org.openqa.selenium.WebDriverException" message="disconnected: unable to connect to renderer
  (failed to check if window was closed: disconnected: unable to connect to renderer)
  (Session info: chrome=109.0.5414.122)
Build info: version: &amp;apos;4.8.0&amp;apos;, revision: &amp;apos;267030adea&amp;apos;
System info: os.name: &amp;apos;Windows 11&amp;apos;, os.arch: &amp;apos;amd64&amp;apos;, os.version: &amp;apos;10.0&amp;apos;, java.version: &amp;apos;19.0.2&amp;apos;
Driver info: org.openqa.selenium.chrome.ChromeDriver
Command: [e5ed24a622d9b93b3ddd4732b5571917, screenshot {}]
Capabilities {acceptInsecureCerts: true, browserName: chrome, browserVersion: 109.0.5414.122, chrome: {chromedriverVersion: 109.0.5414.74 (e7c5703604da..., userDataDir: C:\Users\99559\AppData\Loca...}, goog:chromeOptions: {debuggerAddress: localhost:58894}, networkConnectionEnabled: false, pageLoadStrategy: normal, platformName: WINDOWS, proxy: Proxy(), se:cdp: ws://localhost:58894/devtoo..., se:cdpVersion: 109.0.5414.122, setWindowRect: true, strictFileInteractability: false, timeouts: {implicit: 0, pageLoad: 300000, script: 30000}, unhandledPromptBehavior: accept, webauthn:extension:credBlob: true, webauthn:extension:largeBlob: true, webauthn:virtualAuthenticators: true}
Session ID: e5ed24a622d9b93b3ddd4732b5571917">
      <![CDATA[org.openqa.selenium.WebDriverException: disconnected: unable to connect to renderer
  (failed to check if window was closed: disconnected: unable to connect to renderer)
  (Session info: chrome=109.0.5414.122)
Build info: version: '4.8.0', revision: '267030adea'
System info: os.name: 'Windows 11', os.arch: 'amd64', os.version: '10.0', java.version: '19.0.2'
Driver info: org.openqa.selenium.chrome.ChromeDriver
Command: [e5ed24a622d9b93b3ddd4732b5571917, screenshot {}]
Capabilities {acceptInsecureCerts: true, browserName: chrome, browserVersion: 109.0.5414.122, chrome: {chromedriverVersion: 109.0.5414.74 (e7c5703604da..., userDataDir: C:\Users\99559\AppData\Loca...}, goog:chromeOptions: {debuggerAddress: localhost:58894}, networkConnectionEnabled: false, pageLoadStrategy: normal, platformName: WINDOWS, proxy: Proxy(), se:cdp: ws://localhost:58894/devtoo..., se:cdpVersion: 109.0.5414.122, setWindowRect: true, strictFileInteractability: false, timeouts: {implicit: 0, pageLoad: 300000, script: 30000}, unhandledPromptBehavior: accept, webauthn:extension:credBlob: true, webauthn:extension:largeBlob: true, webauthn:virtualAuthenticators: true}
Session ID: e5ed24a622d9b93b3ddd4732b5571917
at org.openqa.selenium.remote.codec.w3c.W3CHttpResponseCodec.createException(W3CHttpResponseCodec.java:200)
at org.openqa.selenium.remote.codec.w3c.W3CHttpResponseCodec.decode(W3CHttpResponseCodec.java:133)
at org.openqa.selenium.remote.codec.w3c.W3CHttpResponseCodec.decode(W3CHttpResponseCodec.java:53)
at org.openqa.selenium.remote.HttpCommandExecutor.execute(HttpCommandExecutor.java:184)
at org.openqa.selenium.remote.service.DriverCommandExecutor.invokeExecute(DriverCommandExecutor.java:167)
at org.openqa.selenium.remote.service.DriverCommandExecutor.execute(DriverCommandExecutor.java:142)
at org.openqa.selenium.remote.RemoteWebDriver.execute(RemoteWebDriver.java:543)
at org.openqa.selenium.remote.RemoteWebDriver.execute(RemoteWebDriver.java:598)
at org.openqa.selenium.remote.RemoteWebDriver.execute(RemoteWebDriver.java:602)
at org.openqa.selenium.remote.RemoteWebDriver.getScreenshotAs(RemoteWebDriver.java:318)
at Utils.TestLister.takeScreenshot(TestLister.java:16)
at Utils.TestLister.onTestFailure(TestLister.java:28)
at java.base/java.util.ArrayList.forEach(ArrayList.java:1511)
at java.base/java.util.concurrent.FutureTask.run(FutureTask.java:317)
at java.base/java.util.concurrent.ThreadPoolExecutor.runWorker(ThreadPoolExecutor.java:1144)
at java.base/java.util.concurrent.ThreadPoolExecutor$Worker.run(ThreadPoolExecutor.java:642)
at java.base/java.lang.Thread.run(Thread.java:1589)
... Removed 17 stack frames]]>
    </failure>
  </testcase> <!-- Test12 -->
</testsuite> <!-- TestSuit1 -->
