<?xml version="1.0" encoding="UTF-8"?>
<testng-results ignored="0" total="0" passed="0" failed="0" skipped="0">
  <reporter-output>
  </reporter-output>
  <suite started-at="2023-02-18T22:04:56 GET" name="Automation Suite" finished-at="2023-02-18T22:04:56 GET" duration-ms="1">
    <groups>
    </groups>
    <test started-at="2023-02-18T22:04:56 GET" name="TestSuit2" finished-at="2023-02-18T22:04:56 GET" duration-ms="1">
    </test> <!-- TestSuit2 -->
  </suite> <!-- Automation Suite -->
</testng-results>
