<?xml version="1.0" encoding="UTF-8"?>
<testsuite xmlns:xsi="http://www.w3.org/2001/XMLSchema-instance" xsi:noNamespaceSchemaLocation="https://maven.apache.org/surefire/maven-surefire-plugin/xsd/surefire-test-report.xsd" name="TestSuite" time="166.905" tests="5" errors="0" skipped="0" failures="3">
  <properties>
[...]
</properties>
  <testcase name="Search" classname="Officemart" time="2.393"/>
  <testcase name="Test10" classname="Officemart" time="6.388">
    <failure message="Invalid element state [.fa-search]: element click intercepted: Element &lt;i class=&quot;fas fa-search&quot;&gt;&lt;/i&gt; is not clickable at point (1387, 23). Other element would receive the click: &lt;div class=&quot;modal-overlay&quot; style=&quot;z-index: 1002; display: block; opacity: 0.5;&quot;&gt;&lt;/div&gt;&#10;Screenshot: file:/C:/Users/99559/Desktop/Officemart/build/reports/tests/1676743342478.0.png&#10;Page source: file:/C:/Users/99559/Desktop/Officemart/build/reports/tests/1676743342478.0.html&#10;Timeout: 4 s.&#10;Caused by: ElementClickInterceptedException: element click intercepted: Element &lt;i class=&quot;fas fa-search&quot;&gt;&lt;/i&gt; is not clickable at point (1387, 23). Other element would receive the click: &lt;div class=&quot;modal-overlay&quot; style=&quot;z-index: 1002; display: block; opacity: 0.5;&quot;&gt;&lt;/div&gt;" type="com.codeborne.selenide.ex.InvalidStateException"><![CDATA[com.codeborne.selenide.ex.InvalidStateException: 
Invalid element state [.fa-search]: element click intercepted: Element <i class="fas fa-search"></i> is not clickable at point (1387, 23). Other element would receive the click: <div class="modal-overlay" style="z-index: 1002; display: block; opacity: 0.5;"></div>
Screenshot: file:/C:/Users/99559/Desktop/Officemart/build/reports/tests/1676743342478.0.png
Page source: file:/C:/Users/99559/Desktop/Officemart/build/reports/tests/1676743342478.0.html
Timeout: 4 s.
Caused by: ElementClickInterceptedException: element click intercepted: Element <i class="fas fa-search"></i> is not clickable at point (1387, 23). Other element would receive the click: <div class="modal-overlay" style="z-index: 1002; display: block; opacity: 0.5;"></div>
	at Officemart.Test10(Officemart.java:143)
Caused by: org.openqa.selenium.ElementClickInterceptedException: 
element click intercepted: Element <i class="fas fa-search"></i> is not clickable at point (1387, 23). Other element would receive the click: <div class="modal-overlay" style="z-index: 1002; display: block; opacity: 0.5;"></div>
  (Session info: chrome=109.0.5414.122)
Build info: version: '4.8.0', revision: '267030adea'
System info: os.name: 'Windows 11', os.arch: 'amd64', os.version: '10.0', java.version: '19.0.2'
Driver info: org.openqa.selenium.chrome.ChromeDriver
Command: [e5ed24a622d9b93b3ddd4732b5571917, clickElement {id=8a73381c-b2e4-49fd-afaf-95a50a95fdce}]
Capabilities {acceptInsecureCerts: true, browserName: chrome, browserVersion: 109.0.5414.122, chrome: {chromedriverVersion: 109.0.5414.74 (e7c5703604da..., userDataDir: C:\Users\99559\AppData\Loca...}, goog:chromeOptions: {debuggerAddress: localhost:58894}, networkConnectionEnabled: false, pageLoadStrategy: normal, platformName: WINDOWS, proxy: Proxy(), se:cdp: ws://localhost:58894/devtoo..., se:cdpVersion: 109.0.5414.122, setWindowRect: true, strictFileInteractability: false, timeouts: {implicit: 0, pageLoad: 300000, script: 30000}, unhandledPromptBehavior: accept, webauthn:extension:credBlob: true, webauthn:extension:largeBlob: true, webauthn:virtualAuthenticators: true}
Element: [[ChromeDriver: chrome on WINDOWS (e5ed24a622d9b93b3ddd4732b5571917)] -> css selector: .fa-search]
Session ID: e5ed24a622d9b93b3ddd4732b5571917
	at Officemart.Test10(Officemart.java:143)
]]></failure>
  </testcase>
  <testcase name="Test11" classname="Officemart" time="5.845"/>
  <testcase name="Test12" classname="Officemart" time="81.46">
    <failure message="WebDriverException: disconnected: unable to send message to renderer&#10;Page source: file:/C:/Users/99559/Desktop/Officemart/build/reports/tests/1676743366733.1.html&#10;Timeout: 4 s.&#10;Caused by: WebDriverException: disconnected: unable to send message to renderer" type="com.codeborne.selenide.ex.UIAssertionError">com.codeborne.selenide.ex.UIAssertionError: 
WebDriverException: disconnected: unable to send message to renderer
Page source: file:/C:/Users/99559/Desktop/Officemart/build/reports/tests/1676743366733.1.html
Timeout: 4 s.
Caused by: WebDriverException: disconnected: unable to send message to renderer
	at Officemart.Test12(Officemart.java:176)
Caused by: org.openqa.selenium.WebDriverException: 
disconnected: unable to send message to renderer
  (failed to check if window was closed: disconnected: unable to connect to renderer)
  (Session info: chrome=109.0.5414.122)
Build info: version: '4.8.0', revision: '267030adea'
System info: os.name: 'Windows 11', os.arch: 'amd64', os.version: '10.0', java.version: '19.0.2'
Driver info: org.openqa.selenium.chrome.ChromeDriver
Command: [e5ed24a622d9b93b3ddd4732b5571917, clickElement {id=c9de487c-cd7f-4669-ae5b-ae092b700524}]
Capabilities {acceptInsecureCerts: true, browserName: chrome, browserVersion: 109.0.5414.122, chrome: {chromedriverVersion: 109.0.5414.74 (e7c5703604da..., userDataDir: C:\Users\99559\AppData\Loca...}, goog:chromeOptions: {debuggerAddress: localhost:58894}, networkConnectionEnabled: false, pageLoadStrategy: normal, platformName: WINDOWS, proxy: Proxy(), se:cdp: ws://localhost:58894/devtoo..., se:cdpVersion: 109.0.5414.122, setWindowRect: true, strictFileInteractability: false, timeouts: {implicit: 0, pageLoad: 300000, script: 30000}, unhandledPromptBehavior: accept, webauthn:extension:credBlob: true, webauthn:extension:largeBlob: true, webauthn:virtualAuthenticators: true}
Element: [[ChromeDriver: chrome on WINDOWS (e5ed24a622d9b93b3ddd4732b5571917)] -> css selector: .form_group]
Session ID: e5ed24a622d9b93b3ddd4732b5571917
	at Officemart.Test12(Officemart.java:176)
</failure>
    <system-err><![CDATA[[1676743354.579][WARNING]: Timed out connecting to Chrome, retrying...
[1676743362.657][WARNING]: Timed out connecting to Chrome, retrying...
[1676743370.746][WARNING]: Timed out connecting to Chrome, retrying...
[1676743378.818][WARNING]: Timed out connecting to Chrome, retrying...
[1676743386.896][WARNING]: Timed out connecting to Chrome, retrying...
[1676743395.263][WARNING]: Timed out connecting to Chrome, retrying...
[1676743403.343][WARNING]: Timed out connecting to Chrome, retrying...
[1676743411.429][WARNING]: Timed out connecting to Chrome, retrying...
[1676743419.502][WARNING]: Timed out connecting to Chrome, retrying...
[1676743427.577][WARNING]: Timed out connecting to Chrome, retrying...
]]></system-err>
  </testcase>
  <testcase name="Test12" classname="Officemart" time="113.83">
    <failure message="disconnected: unable to connect to renderer&#10;  (failed to check if window was closed: disconnected: unable to connect to renderer)&#10;  (Session info: chrome=109.0.5414.122)&#10;Build info: version: &apos;4.8.0&apos;, revision: &apos;267030adea&apos;&#10;System info: os.name: &apos;Windows 11&apos;, os.arch: &apos;amd64&apos;, os.version: &apos;10.0&apos;, java.version: &apos;19.0.2&apos;&#10;Driver info: org.openqa.selenium.chrome.ChromeDriver&#10;Command: [e5ed24a622d9b93b3ddd4732b5571917, screenshot {}]&#10;Capabilities {acceptInsecureCerts: true, browserName: chrome, browserVersion: 109.0.5414.122, chrome: {chromedriverVersion: 109.0.5414.74 (e7c5703604da..., userDataDir: C:\Users\99559\AppData\Loca...}, goog:chromeOptions: {debuggerAddress: localhost:58894}, networkConnectionEnabled: false, pageLoadStrategy: normal, platformName: WINDOWS, proxy: Proxy(), se:cdp: ws://localhost:58894/devtoo..., se:cdpVersion: 109.0.5414.122, setWindowRect: true, strictFileInteractability: false, timeouts: {implicit: 0, pageLoad: 300000, script: 30000}, unhandledPromptBehavior: accept, webauthn:extension:credBlob: true, webauthn:extension:largeBlob: true, webauthn:virtualAuthenticators: true}&#10;Session ID: e5ed24a622d9b93b3ddd4732b5571917" type="org.openqa.selenium.WebDriverException">org.openqa.selenium.WebDriverException: 
disconnected: unable to connect to renderer
  (failed to check if window was closed: disconnected: unable to connect to renderer)
  (Session info: chrome=109.0.5414.122)
Build info: version: '4.8.0', revision: '267030adea'
System info: os.name: 'Windows 11', os.arch: 'amd64', os.version: '10.0', java.version: '19.0.2'
Driver info: org.openqa.selenium.chrome.ChromeDriver
Command: [e5ed24a622d9b93b3ddd4732b5571917, screenshot {}]
Capabilities {acceptInsecureCerts: true, browserName: chrome, browserVersion: 109.0.5414.122, chrome: {chromedriverVersion: 109.0.5414.74 (e7c5703604da..., userDataDir: C:\Users\99559\AppData\Loca...}, goog:chromeOptions: {debuggerAddress: localhost:58894}, networkConnectionEnabled: false, pageLoadStrategy: normal, platformName: WINDOWS, proxy: Proxy(), se:cdp: ws://localhost:58894/devtoo..., se:cdpVersion: 109.0.5414.122, setWindowRect: true, strictFileInteractability: false, timeouts: {implicit: 0, pageLoad: 300000, script: 30000}, unhandledPromptBehavior: accept, webauthn:extension:credBlob: true, webauthn:extension:largeBlob: true, webauthn:virtualAuthenticators: true}
Session ID: e5ed24a622d9b93b3ddd4732b5571917
</failure>
    <system-err><![CDATA[[1676743435.664][WARNING]: Timed out connecting to Chrome, retrying...
[1676743443.763][WARNING]: Timed out connecting to Chrome, retrying...
[1676743451.860][WARNING]: Timed out connecting to Chrome, retrying...
[1676743459.948][WARNING]: Timed out connecting to Chrome, retrying...
]]></system-err>
  </testcase>
</testsuite>